SF:lib/data_layer/data_source/remote/display_api.g.dart
DA:12,1
DA:16,1
DA:23,0
DA:27,0
DA:28,0
DA:30,0
DA:31,0
DA:36,0
DA:37,0
DA:38,0
DA:42,0
DA:43,0
DA:44,0
DA:45,0
DA:49,0
DA:55,0
DA:56,0
DA:58,0
DA:59,0
DA:64,0
DA:65,0
DA:66,0
DA:70,0
DA:71,0
DA:72,0
DA:73,0
DA:77,0
DA:78,0
DA:79,0
DA:80,0
DA:81,0
DA:82,0
DA:84,0
LF:33
LH:2
end_of_record
SF:lib/presentation_layer/home_page/bloc/collections_bloc/collections_event.dart
DA:4,0
DA:8,0
DA:13,0
LF:3
LH:0
end_of_record
SF:lib/presentation_layer/home_page/bloc/collections_bloc/collections_bloc.dart
DA:23,0
DA:24,0
DA:25,0
DA:28,0
DA:32,0
DA:34,0
DA:39,0
DA:41,0
DA:42,0
DA:46,0
DA:47,0
DA:53,0
DA:54,0
DA:58,0
DA:60,0
DA:62,0
DA:64,0
DA:68,0
DA:70,0
DA:71,0
DA:75,0
DA:76,0
DA:83,0
DA:84,0
DA:88,0
DA:89,0
DA:90,0
DA:97,0
DA:99,0
DA:101,0
DA:103,0
LF:31
LH:0
end_of_record
SF:lib/data_layer/dto/display/collection/collection.dto.dart
DA:14,0
DA:15,0
LF:2
LH:0
end_of_record
SF:lib/data_layer/dto/display/collection/collection.dto.g.dart
DA:9,0
DA:10,0
DA:11,0
DA:12,0
DA:15,0
DA:16,0
DA:17,0
DA:18,0
LF:8
LH:0
end_of_record
SF:lib/data_layer/dto/display/view_module/view_module.dto.dart
DA:13,0
DA:14,0
LF:2
LH:0
end_of_record
SF:lib/data_layer/dto/display/view_module/view_module.dto.g.dart
DA:9,0
DA:10,0
DA:11,0
DA:14,0
DA:15,0
DA:16,0
LF:6
LH:0
end_of_record
SF:lib/domain_layer/model/display/collection/collection.model.dart
DA:13,0
DA:14,0
LF:2
LH:0
end_of_record
SF:lib/domain_layer/model/display/collection/collection.model.g.dart
DA:9,0
DA:10,0
DA:11,0
DA:12,0
DA:15,0
DA:16,0
DA:17,0
DA:18,0
LF:8
LH:0
end_of_record
SF:lib/domain_layer/model/display/view_module/view_module.model.dart
DA:12,0
DA:13,0
LF:2
LH:0
end_of_record
SF:lib/domain_layer/model/display/view_module/view_module.model.g.dart
DA:9,0
DA:10,0
DA:11,0
DA:14,0
DA:15,0
DA:16,0
LF:6
LH:0
end_of_record
SF:lib/domain_layer/usecase/display.usecase.dart
DA:5,0
DA:8,0
DA:9,0
LF:3
LH:0
end_of_record
SF:lib/domain_layer/usecase/display/get_collections_by_store_type.usecase.dart
DA:9,0
DA:13,0
DA:16,0
LF:3
LH:0
end_of_record
